[2024-04-07T18:50:57.753-0500] {processor.py:161} INFO - Started process (PID=55960) to work on /Users/james/Desktop/projects/airflow-local/airflow_home/dags/basic.py
[2024-04-07T18:50:57.754-0500] {processor.py:830} INFO - Processing file /Users/james/Desktop/projects/airflow-local/airflow_home/dags/basic.py for tasks to queue
[2024-04-07T18:50:57.754-0500] {logging_mixin.py:188} INFO - [2024-04-07T18:50:57.754-0500] {dagbag.py:540} INFO - Filling up the DagBag from /Users/james/Desktop/projects/airflow-local/airflow_home/dags/basic.py
[2024-04-07T18:50:57.764-0500] {processor.py:840} INFO - DAG(s) 'hello_world' retrieved from /Users/james/Desktop/projects/airflow-local/airflow_home/dags/basic.py
[2024-04-07T18:50:57.851-0500] {logging_mixin.py:188} INFO - [2024-04-07T18:50:57.851-0500] {dag.py:3047} INFO - Sync 1 DAGs
[2024-04-07T18:50:57.858-0500] {logging_mixin.py:188} INFO - [2024-04-07T18:50:57.858-0500] {dag.py:3834} INFO - Setting next_dagrun for hello_world to 2024-04-06 00:00:00+00:00, run_after=2024-04-07 00:00:00+00:00
[2024-04-07T18:50:57.865-0500] {processor.py:183} INFO - Processing /Users/james/Desktop/projects/airflow-local/airflow_home/dags/basic.py took 0.112 seconds
[2024-04-07T18:51:28.767-0500] {processor.py:161} INFO - Started process (PID=56003) to work on /Users/james/Desktop/projects/airflow-local/airflow_home/dags/basic.py
[2024-04-07T18:51:28.768-0500] {processor.py:830} INFO - Processing file /Users/james/Desktop/projects/airflow-local/airflow_home/dags/basic.py for tasks to queue
[2024-04-07T18:51:28.769-0500] {logging_mixin.py:188} INFO - [2024-04-07T18:51:28.769-0500] {dagbag.py:540} INFO - Filling up the DagBag from /Users/james/Desktop/projects/airflow-local/airflow_home/dags/basic.py
[2024-04-07T18:51:28.778-0500] {processor.py:840} INFO - DAG(s) 'hello_world' retrieved from /Users/james/Desktop/projects/airflow-local/airflow_home/dags/basic.py
[2024-04-07T18:51:28.831-0500] {logging_mixin.py:188} INFO - [2024-04-07T18:51:28.831-0500] {dag.py:3047} INFO - Sync 1 DAGs
[2024-04-07T18:51:28.838-0500] {logging_mixin.py:188} INFO - [2024-04-07T18:51:28.838-0500] {dag.py:3834} INFO - Setting next_dagrun for hello_world to 2024-04-06 00:00:00+00:00, run_after=2024-04-07 00:00:00+00:00
[2024-04-07T18:51:28.846-0500] {processor.py:183} INFO - Processing /Users/james/Desktop/projects/airflow-local/airflow_home/dags/basic.py took 0.079 seconds
[2024-04-07T18:51:59.731-0500] {processor.py:161} INFO - Started process (PID=56040) to work on /Users/james/Desktop/projects/airflow-local/airflow_home/dags/basic.py
[2024-04-07T18:51:59.732-0500] {processor.py:830} INFO - Processing file /Users/james/Desktop/projects/airflow-local/airflow_home/dags/basic.py for tasks to queue
[2024-04-07T18:51:59.733-0500] {logging_mixin.py:188} INFO - [2024-04-07T18:51:59.732-0500] {dagbag.py:540} INFO - Filling up the DagBag from /Users/james/Desktop/projects/airflow-local/airflow_home/dags/basic.py
[2024-04-07T18:51:59.742-0500] {processor.py:840} INFO - DAG(s) 'hello_world' retrieved from /Users/james/Desktop/projects/airflow-local/airflow_home/dags/basic.py
[2024-04-07T18:51:59.795-0500] {logging_mixin.py:188} INFO - [2024-04-07T18:51:59.795-0500] {dag.py:3047} INFO - Sync 1 DAGs
[2024-04-07T18:51:59.803-0500] {logging_mixin.py:188} INFO - [2024-04-07T18:51:59.802-0500] {dag.py:3834} INFO - Setting next_dagrun for hello_world to 2024-04-06 00:00:00+00:00, run_after=2024-04-07 00:00:00+00:00
[2024-04-07T18:51:59.811-0500] {processor.py:183} INFO - Processing /Users/james/Desktop/projects/airflow-local/airflow_home/dags/basic.py took 0.080 seconds
[2024-04-07T18:52:30.702-0500] {processor.py:161} INFO - Started process (PID=56077) to work on /Users/james/Desktop/projects/airflow-local/airflow_home/dags/basic.py
[2024-04-07T18:52:30.703-0500] {processor.py:830} INFO - Processing file /Users/james/Desktop/projects/airflow-local/airflow_home/dags/basic.py for tasks to queue
[2024-04-07T18:52:30.704-0500] {logging_mixin.py:188} INFO - [2024-04-07T18:52:30.703-0500] {dagbag.py:540} INFO - Filling up the DagBag from /Users/james/Desktop/projects/airflow-local/airflow_home/dags/basic.py
[2024-04-07T18:52:30.713-0500] {processor.py:840} INFO - DAG(s) 'hello_world' retrieved from /Users/james/Desktop/projects/airflow-local/airflow_home/dags/basic.py
[2024-04-07T18:52:30.767-0500] {logging_mixin.py:188} INFO - [2024-04-07T18:52:30.767-0500] {dag.py:3047} INFO - Sync 1 DAGs
[2024-04-07T18:52:30.775-0500] {logging_mixin.py:188} INFO - [2024-04-07T18:52:30.775-0500] {dag.py:3834} INFO - Setting next_dagrun for hello_world to 2024-04-06 00:00:00+00:00, run_after=2024-04-07 00:00:00+00:00
[2024-04-07T18:52:30.784-0500] {processor.py:183} INFO - Processing /Users/james/Desktop/projects/airflow-local/airflow_home/dags/basic.py took 0.083 seconds
[2024-04-07T18:53:01.648-0500] {processor.py:161} INFO - Started process (PID=56117) to work on /Users/james/Desktop/projects/airflow-local/airflow_home/dags/basic.py
[2024-04-07T18:53:01.649-0500] {processor.py:830} INFO - Processing file /Users/james/Desktop/projects/airflow-local/airflow_home/dags/basic.py for tasks to queue
[2024-04-07T18:53:01.649-0500] {logging_mixin.py:188} INFO - [2024-04-07T18:53:01.649-0500] {dagbag.py:540} INFO - Filling up the DagBag from /Users/james/Desktop/projects/airflow-local/airflow_home/dags/basic.py
[2024-04-07T18:53:01.659-0500] {processor.py:840} INFO - DAG(s) 'hello_world' retrieved from /Users/james/Desktop/projects/airflow-local/airflow_home/dags/basic.py
[2024-04-07T18:53:01.712-0500] {logging_mixin.py:188} INFO - [2024-04-07T18:53:01.711-0500] {dag.py:3047} INFO - Sync 1 DAGs
[2024-04-07T18:53:01.719-0500] {logging_mixin.py:188} INFO - [2024-04-07T18:53:01.719-0500] {dag.py:3834} INFO - Setting next_dagrun for hello_world to 2024-04-06 00:00:00+00:00, run_after=2024-04-07 00:00:00+00:00
[2024-04-07T18:53:01.726-0500] {processor.py:183} INFO - Processing /Users/james/Desktop/projects/airflow-local/airflow_home/dags/basic.py took 0.079 seconds
[2024-04-07T18:53:32.632-0500] {processor.py:161} INFO - Started process (PID=56156) to work on /Users/james/Desktop/projects/airflow-local/airflow_home/dags/basic.py
[2024-04-07T18:53:32.633-0500] {processor.py:830} INFO - Processing file /Users/james/Desktop/projects/airflow-local/airflow_home/dags/basic.py for tasks to queue
[2024-04-07T18:53:32.633-0500] {logging_mixin.py:188} INFO - [2024-04-07T18:53:32.633-0500] {dagbag.py:540} INFO - Filling up the DagBag from /Users/james/Desktop/projects/airflow-local/airflow_home/dags/basic.py
[2024-04-07T18:53:32.643-0500] {processor.py:840} INFO - DAG(s) 'hello_world' retrieved from /Users/james/Desktop/projects/airflow-local/airflow_home/dags/basic.py
[2024-04-07T18:53:32.706-0500] {logging_mixin.py:188} INFO - [2024-04-07T18:53:32.706-0500] {dag.py:3047} INFO - Sync 1 DAGs
[2024-04-07T18:53:32.714-0500] {logging_mixin.py:188} INFO - [2024-04-07T18:53:32.714-0500] {dag.py:3834} INFO - Setting next_dagrun for hello_world to 2024-04-06 00:00:00+00:00, run_after=2024-04-07 00:00:00+00:00
[2024-04-07T18:53:32.722-0500] {processor.py:183} INFO - Processing /Users/james/Desktop/projects/airflow-local/airflow_home/dags/basic.py took 0.091 seconds
[2024-04-07T18:54:03.570-0500] {processor.py:161} INFO - Started process (PID=56195) to work on /Users/james/Desktop/projects/airflow-local/airflow_home/dags/basic.py
[2024-04-07T18:54:03.572-0500] {processor.py:830} INFO - Processing file /Users/james/Desktop/projects/airflow-local/airflow_home/dags/basic.py for tasks to queue
[2024-04-07T18:54:03.572-0500] {logging_mixin.py:188} INFO - [2024-04-07T18:54:03.572-0500] {dagbag.py:540} INFO - Filling up the DagBag from /Users/james/Desktop/projects/airflow-local/airflow_home/dags/basic.py
[2024-04-07T18:54:03.581-0500] {processor.py:840} INFO - DAG(s) 'hello_world' retrieved from /Users/james/Desktop/projects/airflow-local/airflow_home/dags/basic.py
[2024-04-07T18:54:03.635-0500] {logging_mixin.py:188} INFO - [2024-04-07T18:54:03.634-0500] {dag.py:3047} INFO - Sync 1 DAGs
[2024-04-07T18:54:03.641-0500] {logging_mixin.py:188} INFO - [2024-04-07T18:54:03.641-0500] {dag.py:3834} INFO - Setting next_dagrun for hello_world to 2024-04-06 00:00:00+00:00, run_after=2024-04-07 00:00:00+00:00
[2024-04-07T18:54:03.649-0500] {processor.py:183} INFO - Processing /Users/james/Desktop/projects/airflow-local/airflow_home/dags/basic.py took 0.079 seconds
[2024-04-07T18:54:34.410-0500] {processor.py:161} INFO - Started process (PID=56233) to work on /Users/james/Desktop/projects/airflow-local/airflow_home/dags/basic.py
[2024-04-07T18:54:34.412-0500] {processor.py:830} INFO - Processing file /Users/james/Desktop/projects/airflow-local/airflow_home/dags/basic.py for tasks to queue
[2024-04-07T18:54:34.412-0500] {logging_mixin.py:188} INFO - [2024-04-07T18:54:34.412-0500] {dagbag.py:540} INFO - Filling up the DagBag from /Users/james/Desktop/projects/airflow-local/airflow_home/dags/basic.py
[2024-04-07T18:54:34.422-0500] {processor.py:840} INFO - DAG(s) 'hello_world' retrieved from /Users/james/Desktop/projects/airflow-local/airflow_home/dags/basic.py
[2024-04-07T18:54:34.482-0500] {logging_mixin.py:188} INFO - [2024-04-07T18:54:34.482-0500] {dag.py:3047} INFO - Sync 1 DAGs
[2024-04-07T18:54:34.490-0500] {logging_mixin.py:188} INFO - [2024-04-07T18:54:34.490-0500] {dag.py:3834} INFO - Setting next_dagrun for hello_world to 2024-04-06 00:00:00+00:00, run_after=2024-04-07 00:00:00+00:00
[2024-04-07T18:54:34.499-0500] {processor.py:183} INFO - Processing /Users/james/Desktop/projects/airflow-local/airflow_home/dags/basic.py took 0.089 seconds
[2024-04-07T18:55:05.256-0500] {processor.py:161} INFO - Started process (PID=56271) to work on /Users/james/Desktop/projects/airflow-local/airflow_home/dags/basic.py
[2024-04-07T18:55:05.257-0500] {processor.py:830} INFO - Processing file /Users/james/Desktop/projects/airflow-local/airflow_home/dags/basic.py for tasks to queue
[2024-04-07T18:55:05.257-0500] {logging_mixin.py:188} INFO - [2024-04-07T18:55:05.257-0500] {dagbag.py:540} INFO - Filling up the DagBag from /Users/james/Desktop/projects/airflow-local/airflow_home/dags/basic.py
[2024-04-07T18:55:05.268-0500] {processor.py:840} INFO - DAG(s) 'hello_world' retrieved from /Users/james/Desktop/projects/airflow-local/airflow_home/dags/basic.py
[2024-04-07T18:55:05.334-0500] {logging_mixin.py:188} INFO - [2024-04-07T18:55:05.334-0500] {dag.py:3047} INFO - Sync 1 DAGs
[2024-04-07T18:55:05.341-0500] {logging_mixin.py:188} INFO - [2024-04-07T18:55:05.341-0500] {dag.py:3834} INFO - Setting next_dagrun for hello_world to 2024-04-06 00:00:00+00:00, run_after=2024-04-07 00:00:00+00:00
[2024-04-07T18:55:05.350-0500] {processor.py:183} INFO - Processing /Users/james/Desktop/projects/airflow-local/airflow_home/dags/basic.py took 0.094 seconds
[2024-04-07T18:55:36.103-0500] {processor.py:161} INFO - Started process (PID=56311) to work on /Users/james/Desktop/projects/airflow-local/airflow_home/dags/basic.py
[2024-04-07T18:55:36.104-0500] {processor.py:830} INFO - Processing file /Users/james/Desktop/projects/airflow-local/airflow_home/dags/basic.py for tasks to queue
[2024-04-07T18:55:36.104-0500] {logging_mixin.py:188} INFO - [2024-04-07T18:55:36.104-0500] {dagbag.py:540} INFO - Filling up the DagBag from /Users/james/Desktop/projects/airflow-local/airflow_home/dags/basic.py
[2024-04-07T18:55:36.115-0500] {processor.py:840} INFO - DAG(s) 'hello_world' retrieved from /Users/james/Desktop/projects/airflow-local/airflow_home/dags/basic.py
[2024-04-07T18:55:36.179-0500] {logging_mixin.py:188} INFO - [2024-04-07T18:55:36.179-0500] {dag.py:3047} INFO - Sync 1 DAGs
[2024-04-07T18:55:36.188-0500] {logging_mixin.py:188} INFO - [2024-04-07T18:55:36.188-0500] {dag.py:3834} INFO - Setting next_dagrun for hello_world to 2024-04-06 00:00:00+00:00, run_after=2024-04-07 00:00:00+00:00
[2024-04-07T18:55:36.197-0500] {processor.py:183} INFO - Processing /Users/james/Desktop/projects/airflow-local/airflow_home/dags/basic.py took 0.094 seconds
[2024-04-07T18:56:07.019-0500] {processor.py:161} INFO - Started process (PID=56352) to work on /Users/james/Desktop/projects/airflow-local/airflow_home/dags/basic.py
[2024-04-07T18:56:07.021-0500] {processor.py:830} INFO - Processing file /Users/james/Desktop/projects/airflow-local/airflow_home/dags/basic.py for tasks to queue
[2024-04-07T18:56:07.021-0500] {logging_mixin.py:188} INFO - [2024-04-07T18:56:07.021-0500] {dagbag.py:540} INFO - Filling up the DagBag from /Users/james/Desktop/projects/airflow-local/airflow_home/dags/basic.py
[2024-04-07T18:56:07.031-0500] {processor.py:840} INFO - DAG(s) 'hello_world' retrieved from /Users/james/Desktop/projects/airflow-local/airflow_home/dags/basic.py
[2024-04-07T18:56:07.099-0500] {logging_mixin.py:188} INFO - [2024-04-07T18:56:07.099-0500] {dag.py:3047} INFO - Sync 1 DAGs
[2024-04-07T18:56:07.108-0500] {logging_mixin.py:188} INFO - [2024-04-07T18:56:07.108-0500] {dag.py:3834} INFO - Setting next_dagrun for hello_world to 2024-04-06 00:00:00+00:00, run_after=2024-04-07 00:00:00+00:00
[2024-04-07T18:56:07.116-0500] {processor.py:183} INFO - Processing /Users/james/Desktop/projects/airflow-local/airflow_home/dags/basic.py took 0.097 seconds
[2024-04-07T18:56:38.065-0500] {processor.py:161} INFO - Started process (PID=56391) to work on /Users/james/Desktop/projects/airflow-local/airflow_home/dags/basic.py
[2024-04-07T18:56:38.067-0500] {processor.py:830} INFO - Processing file /Users/james/Desktop/projects/airflow-local/airflow_home/dags/basic.py for tasks to queue
[2024-04-07T18:56:38.067-0500] {logging_mixin.py:188} INFO - [2024-04-07T18:56:38.067-0500] {dagbag.py:540} INFO - Filling up the DagBag from /Users/james/Desktop/projects/airflow-local/airflow_home/dags/basic.py
[2024-04-07T18:56:38.079-0500] {processor.py:840} INFO - DAG(s) 'hello_world' retrieved from /Users/james/Desktop/projects/airflow-local/airflow_home/dags/basic.py
[2024-04-07T18:56:38.144-0500] {logging_mixin.py:188} INFO - [2024-04-07T18:56:38.144-0500] {dag.py:3047} INFO - Sync 1 DAGs
[2024-04-07T18:56:38.152-0500] {logging_mixin.py:188} INFO - [2024-04-07T18:56:38.152-0500] {dag.py:3834} INFO - Setting next_dagrun for hello_world to 2024-04-06 00:00:00+00:00, run_after=2024-04-07 00:00:00+00:00
[2024-04-07T18:56:38.160-0500] {processor.py:183} INFO - Processing /Users/james/Desktop/projects/airflow-local/airflow_home/dags/basic.py took 0.096 seconds
[2024-04-07T18:57:08.920-0500] {processor.py:161} INFO - Started process (PID=56428) to work on /Users/james/Desktop/projects/airflow-local/airflow_home/dags/basic.py
[2024-04-07T18:57:08.921-0500] {processor.py:830} INFO - Processing file /Users/james/Desktop/projects/airflow-local/airflow_home/dags/basic.py for tasks to queue
[2024-04-07T18:57:08.921-0500] {logging_mixin.py:188} INFO - [2024-04-07T18:57:08.921-0500] {dagbag.py:540} INFO - Filling up the DagBag from /Users/james/Desktop/projects/airflow-local/airflow_home/dags/basic.py
[2024-04-07T18:57:08.931-0500] {processor.py:840} INFO - DAG(s) 'hello_world' retrieved from /Users/james/Desktop/projects/airflow-local/airflow_home/dags/basic.py
[2024-04-07T18:57:08.986-0500] {logging_mixin.py:188} INFO - [2024-04-07T18:57:08.986-0500] {dag.py:3047} INFO - Sync 1 DAGs
[2024-04-07T18:57:08.993-0500] {logging_mixin.py:188} INFO - [2024-04-07T18:57:08.993-0500] {dag.py:3834} INFO - Setting next_dagrun for hello_world to 2024-04-06 00:00:00+00:00, run_after=2024-04-07 00:00:00+00:00
[2024-04-07T18:57:09.000-0500] {processor.py:183} INFO - Processing /Users/james/Desktop/projects/airflow-local/airflow_home/dags/basic.py took 0.081 seconds
[2024-04-07T18:57:39.756-0500] {processor.py:161} INFO - Started process (PID=56468) to work on /Users/james/Desktop/projects/airflow-local/airflow_home/dags/basic.py
[2024-04-07T18:57:39.757-0500] {processor.py:830} INFO - Processing file /Users/james/Desktop/projects/airflow-local/airflow_home/dags/basic.py for tasks to queue
[2024-04-07T18:57:39.758-0500] {logging_mixin.py:188} INFO - [2024-04-07T18:57:39.758-0500] {dagbag.py:540} INFO - Filling up the DagBag from /Users/james/Desktop/projects/airflow-local/airflow_home/dags/basic.py
[2024-04-07T18:57:39.768-0500] {processor.py:840} INFO - DAG(s) 'hello_world' retrieved from /Users/james/Desktop/projects/airflow-local/airflow_home/dags/basic.py
[2024-04-07T18:57:39.828-0500] {logging_mixin.py:188} INFO - [2024-04-07T18:57:39.828-0500] {dag.py:3047} INFO - Sync 1 DAGs
[2024-04-07T18:57:39.836-0500] {logging_mixin.py:188} INFO - [2024-04-07T18:57:39.836-0500] {dag.py:3834} INFO - Setting next_dagrun for hello_world to 2024-04-06 00:00:00+00:00, run_after=2024-04-07 00:00:00+00:00
[2024-04-07T18:57:39.844-0500] {processor.py:183} INFO - Processing /Users/james/Desktop/projects/airflow-local/airflow_home/dags/basic.py took 0.089 seconds
[2024-04-07T18:58:10.595-0500] {processor.py:161} INFO - Started process (PID=56506) to work on /Users/james/Desktop/projects/airflow-local/airflow_home/dags/basic.py
[2024-04-07T18:58:10.596-0500] {processor.py:830} INFO - Processing file /Users/james/Desktop/projects/airflow-local/airflow_home/dags/basic.py for tasks to queue
[2024-04-07T18:58:10.596-0500] {logging_mixin.py:188} INFO - [2024-04-07T18:58:10.596-0500] {dagbag.py:540} INFO - Filling up the DagBag from /Users/james/Desktop/projects/airflow-local/airflow_home/dags/basic.py
[2024-04-07T18:58:10.606-0500] {processor.py:840} INFO - DAG(s) 'hello_world' retrieved from /Users/james/Desktop/projects/airflow-local/airflow_home/dags/basic.py
[2024-04-07T18:58:10.666-0500] {logging_mixin.py:188} INFO - [2024-04-07T18:58:10.665-0500] {dag.py:3047} INFO - Sync 1 DAGs
[2024-04-07T18:58:10.673-0500] {logging_mixin.py:188} INFO - [2024-04-07T18:58:10.673-0500] {dag.py:3834} INFO - Setting next_dagrun for hello_world to 2024-04-06 00:00:00+00:00, run_after=2024-04-07 00:00:00+00:00
[2024-04-07T18:58:10.681-0500] {processor.py:183} INFO - Processing /Users/james/Desktop/projects/airflow-local/airflow_home/dags/basic.py took 0.087 seconds
[2024-04-07T18:58:41.406-0500] {processor.py:161} INFO - Started process (PID=56545) to work on /Users/james/Desktop/projects/airflow-local/airflow_home/dags/basic.py
[2024-04-07T18:58:41.408-0500] {processor.py:830} INFO - Processing file /Users/james/Desktop/projects/airflow-local/airflow_home/dags/basic.py for tasks to queue
[2024-04-07T18:58:41.408-0500] {logging_mixin.py:188} INFO - [2024-04-07T18:58:41.408-0500] {dagbag.py:540} INFO - Filling up the DagBag from /Users/james/Desktop/projects/airflow-local/airflow_home/dags/basic.py
[2024-04-07T18:58:41.417-0500] {processor.py:840} INFO - DAG(s) 'hello_world' retrieved from /Users/james/Desktop/projects/airflow-local/airflow_home/dags/basic.py
[2024-04-07T18:58:41.472-0500] {logging_mixin.py:188} INFO - [2024-04-07T18:58:41.471-0500] {dag.py:3047} INFO - Sync 1 DAGs
[2024-04-07T18:58:41.479-0500] {logging_mixin.py:188} INFO - [2024-04-07T18:58:41.479-0500] {dag.py:3834} INFO - Setting next_dagrun for hello_world to 2024-04-06 00:00:00+00:00, run_after=2024-04-07 00:00:00+00:00
[2024-04-07T18:58:41.486-0500] {processor.py:183} INFO - Processing /Users/james/Desktop/projects/airflow-local/airflow_home/dags/basic.py took 0.080 seconds
[2024-04-07T18:59:12.180-0500] {processor.py:161} INFO - Started process (PID=56590) to work on /Users/james/Desktop/projects/airflow-local/airflow_home/dags/basic.py
[2024-04-07T18:59:12.181-0500] {processor.py:830} INFO - Processing file /Users/james/Desktop/projects/airflow-local/airflow_home/dags/basic.py for tasks to queue
[2024-04-07T18:59:12.182-0500] {logging_mixin.py:188} INFO - [2024-04-07T18:59:12.182-0500] {dagbag.py:540} INFO - Filling up the DagBag from /Users/james/Desktop/projects/airflow-local/airflow_home/dags/basic.py
[2024-04-07T18:59:12.192-0500] {processor.py:840} INFO - DAG(s) 'hello_world' retrieved from /Users/james/Desktop/projects/airflow-local/airflow_home/dags/basic.py
[2024-04-07T18:59:12.255-0500] {logging_mixin.py:188} INFO - [2024-04-07T18:59:12.255-0500] {dag.py:3047} INFO - Sync 1 DAGs
[2024-04-07T18:59:12.263-0500] {logging_mixin.py:188} INFO - [2024-04-07T18:59:12.263-0500] {dag.py:3834} INFO - Setting next_dagrun for hello_world to 2024-04-06 00:00:00+00:00, run_after=2024-04-07 00:00:00+00:00
[2024-04-07T18:59:12.271-0500] {processor.py:183} INFO - Processing /Users/james/Desktop/projects/airflow-local/airflow_home/dags/basic.py took 0.092 seconds
[2024-04-07T18:59:43.015-0500] {processor.py:161} INFO - Started process (PID=56627) to work on /Users/james/Desktop/projects/airflow-local/airflow_home/dags/basic.py
[2024-04-07T18:59:43.017-0500] {processor.py:830} INFO - Processing file /Users/james/Desktop/projects/airflow-local/airflow_home/dags/basic.py for tasks to queue
[2024-04-07T18:59:43.017-0500] {logging_mixin.py:188} INFO - [2024-04-07T18:59:43.017-0500] {dagbag.py:540} INFO - Filling up the DagBag from /Users/james/Desktop/projects/airflow-local/airflow_home/dags/basic.py
[2024-04-07T18:59:43.027-0500] {processor.py:840} INFO - DAG(s) 'hello_world' retrieved from /Users/james/Desktop/projects/airflow-local/airflow_home/dags/basic.py
[2024-04-07T18:59:43.092-0500] {logging_mixin.py:188} INFO - [2024-04-07T18:59:43.091-0500] {dag.py:3047} INFO - Sync 1 DAGs
[2024-04-07T18:59:43.100-0500] {logging_mixin.py:188} INFO - [2024-04-07T18:59:43.100-0500] {dag.py:3834} INFO - Setting next_dagrun for hello_world to 2024-04-06 00:00:00+00:00, run_after=2024-04-07 00:00:00+00:00
[2024-04-07T18:59:43.108-0500] {processor.py:183} INFO - Processing /Users/james/Desktop/projects/airflow-local/airflow_home/dags/basic.py took 0.093 seconds
