[2024-04-07T18:50:55.926-0500] {processor.py:161} INFO - Started process (PID=55957) to work on /Users/james/Desktop/projects/airflow-local/airflow_home/dags/tutorial.py
[2024-04-07T18:50:55.927-0500] {processor.py:830} INFO - Processing file /Users/james/Desktop/projects/airflow-local/airflow_home/dags/tutorial.py for tasks to queue
[2024-04-07T18:50:55.928-0500] {logging_mixin.py:188} INFO - [2024-04-07T18:50:55.928-0500] {dagbag.py:540} INFO - Filling up the DagBag from /Users/james/Desktop/projects/airflow-local/airflow_home/dags/tutorial.py
[2024-04-07T18:50:55.933-0500] {processor.py:840} INFO - DAG(s) 'tutorial' retrieved from /Users/james/Desktop/projects/airflow-local/airflow_home/dags/tutorial.py
[2024-04-07T18:50:56.049-0500] {logging_mixin.py:188} INFO - [2024-04-07T18:50:56.049-0500] {dag.py:3047} INFO - Sync 1 DAGs
[2024-04-07T18:50:56.058-0500] {logging_mixin.py:188} INFO - [2024-04-07T18:50:56.058-0500] {dag.py:3834} INFO - Setting next_dagrun for tutorial to 2024-04-06 00:00:00+00:00, run_after=2024-04-07 00:00:00+00:00
[2024-04-07T18:50:56.066-0500] {processor.py:183} INFO - Processing /Users/james/Desktop/projects/airflow-local/airflow_home/dags/tutorial.py took 0.141 seconds
[2024-04-07T18:51:27.525-0500] {processor.py:161} INFO - Started process (PID=56000) to work on /Users/james/Desktop/projects/airflow-local/airflow_home/dags/tutorial.py
[2024-04-07T18:51:27.527-0500] {processor.py:830} INFO - Processing file /Users/james/Desktop/projects/airflow-local/airflow_home/dags/tutorial.py for tasks to queue
[2024-04-07T18:51:27.527-0500] {logging_mixin.py:188} INFO - [2024-04-07T18:51:27.527-0500] {dagbag.py:540} INFO - Filling up the DagBag from /Users/james/Desktop/projects/airflow-local/airflow_home/dags/tutorial.py
[2024-04-07T18:51:27.530-0500] {processor.py:840} INFO - DAG(s) 'tutorial' retrieved from /Users/james/Desktop/projects/airflow-local/airflow_home/dags/tutorial.py
[2024-04-07T18:51:27.585-0500] {logging_mixin.py:188} INFO - [2024-04-07T18:51:27.585-0500] {dag.py:3047} INFO - Sync 1 DAGs
[2024-04-07T18:51:27.593-0500] {logging_mixin.py:188} INFO - [2024-04-07T18:51:27.593-0500] {dag.py:3834} INFO - Setting next_dagrun for tutorial to 2024-04-06 00:00:00+00:00, run_after=2024-04-07 00:00:00+00:00
[2024-04-07T18:51:27.600-0500] {processor.py:183} INFO - Processing /Users/james/Desktop/projects/airflow-local/airflow_home/dags/tutorial.py took 0.075 seconds
[2024-04-07T18:51:58.445-0500] {processor.py:161} INFO - Started process (PID=56037) to work on /Users/james/Desktop/projects/airflow-local/airflow_home/dags/tutorial.py
[2024-04-07T18:51:58.446-0500] {processor.py:830} INFO - Processing file /Users/james/Desktop/projects/airflow-local/airflow_home/dags/tutorial.py for tasks to queue
[2024-04-07T18:51:58.446-0500] {logging_mixin.py:188} INFO - [2024-04-07T18:51:58.446-0500] {dagbag.py:540} INFO - Filling up the DagBag from /Users/james/Desktop/projects/airflow-local/airflow_home/dags/tutorial.py
[2024-04-07T18:51:58.449-0500] {processor.py:840} INFO - DAG(s) 'tutorial' retrieved from /Users/james/Desktop/projects/airflow-local/airflow_home/dags/tutorial.py
[2024-04-07T18:51:58.503-0500] {logging_mixin.py:188} INFO - [2024-04-07T18:51:58.503-0500] {dag.py:3047} INFO - Sync 1 DAGs
[2024-04-07T18:51:58.510-0500] {logging_mixin.py:188} INFO - [2024-04-07T18:51:58.510-0500] {dag.py:3834} INFO - Setting next_dagrun for tutorial to 2024-04-06 00:00:00+00:00, run_after=2024-04-07 00:00:00+00:00
[2024-04-07T18:51:58.518-0500] {processor.py:183} INFO - Processing /Users/james/Desktop/projects/airflow-local/airflow_home/dags/tutorial.py took 0.073 seconds
[2024-04-07T18:52:29.405-0500] {processor.py:161} INFO - Started process (PID=56074) to work on /Users/james/Desktop/projects/airflow-local/airflow_home/dags/tutorial.py
[2024-04-07T18:52:29.407-0500] {processor.py:830} INFO - Processing file /Users/james/Desktop/projects/airflow-local/airflow_home/dags/tutorial.py for tasks to queue
[2024-04-07T18:52:29.407-0500] {logging_mixin.py:188} INFO - [2024-04-07T18:52:29.407-0500] {dagbag.py:540} INFO - Filling up the DagBag from /Users/james/Desktop/projects/airflow-local/airflow_home/dags/tutorial.py
[2024-04-07T18:52:29.410-0500] {processor.py:840} INFO - DAG(s) 'tutorial' retrieved from /Users/james/Desktop/projects/airflow-local/airflow_home/dags/tutorial.py
[2024-04-07T18:52:29.464-0500] {logging_mixin.py:188} INFO - [2024-04-07T18:52:29.464-0500] {dag.py:3047} INFO - Sync 1 DAGs
[2024-04-07T18:52:29.471-0500] {logging_mixin.py:188} INFO - [2024-04-07T18:52:29.471-0500] {dag.py:3834} INFO - Setting next_dagrun for tutorial to 2024-04-06 00:00:00+00:00, run_after=2024-04-07 00:00:00+00:00
[2024-04-07T18:52:29.479-0500] {processor.py:183} INFO - Processing /Users/james/Desktop/projects/airflow-local/airflow_home/dags/tutorial.py took 0.074 seconds
[2024-04-07T18:53:00.367-0500] {processor.py:161} INFO - Started process (PID=56116) to work on /Users/james/Desktop/projects/airflow-local/airflow_home/dags/tutorial.py
[2024-04-07T18:53:00.369-0500] {processor.py:830} INFO - Processing file /Users/james/Desktop/projects/airflow-local/airflow_home/dags/tutorial.py for tasks to queue
[2024-04-07T18:53:00.369-0500] {logging_mixin.py:188} INFO - [2024-04-07T18:53:00.369-0500] {dagbag.py:540} INFO - Filling up the DagBag from /Users/james/Desktop/projects/airflow-local/airflow_home/dags/tutorial.py
[2024-04-07T18:53:00.372-0500] {processor.py:840} INFO - DAG(s) 'tutorial' retrieved from /Users/james/Desktop/projects/airflow-local/airflow_home/dags/tutorial.py
[2024-04-07T18:53:00.427-0500] {logging_mixin.py:188} INFO - [2024-04-07T18:53:00.427-0500] {dag.py:3047} INFO - Sync 1 DAGs
[2024-04-07T18:53:00.435-0500] {logging_mixin.py:188} INFO - [2024-04-07T18:53:00.434-0500] {dag.py:3834} INFO - Setting next_dagrun for tutorial to 2024-04-06 00:00:00+00:00, run_after=2024-04-07 00:00:00+00:00
[2024-04-07T18:53:00.442-0500] {processor.py:183} INFO - Processing /Users/james/Desktop/projects/airflow-local/airflow_home/dags/tutorial.py took 0.075 seconds
[2024-04-07T18:53:31.340-0500] {processor.py:161} INFO - Started process (PID=56153) to work on /Users/james/Desktop/projects/airflow-local/airflow_home/dags/tutorial.py
[2024-04-07T18:53:31.341-0500] {processor.py:830} INFO - Processing file /Users/james/Desktop/projects/airflow-local/airflow_home/dags/tutorial.py for tasks to queue
[2024-04-07T18:53:31.342-0500] {logging_mixin.py:188} INFO - [2024-04-07T18:53:31.341-0500] {dagbag.py:540} INFO - Filling up the DagBag from /Users/james/Desktop/projects/airflow-local/airflow_home/dags/tutorial.py
[2024-04-07T18:53:31.345-0500] {processor.py:840} INFO - DAG(s) 'tutorial' retrieved from /Users/james/Desktop/projects/airflow-local/airflow_home/dags/tutorial.py
[2024-04-07T18:53:31.399-0500] {logging_mixin.py:188} INFO - [2024-04-07T18:53:31.399-0500] {dag.py:3047} INFO - Sync 1 DAGs
[2024-04-07T18:53:31.406-0500] {logging_mixin.py:188} INFO - [2024-04-07T18:53:31.406-0500] {dag.py:3834} INFO - Setting next_dagrun for tutorial to 2024-04-06 00:00:00+00:00, run_after=2024-04-07 00:00:00+00:00
[2024-04-07T18:53:31.413-0500] {processor.py:183} INFO - Processing /Users/james/Desktop/projects/airflow-local/airflow_home/dags/tutorial.py took 0.074 seconds
[2024-04-07T18:54:02.319-0500] {processor.py:161} INFO - Started process (PID=56192) to work on /Users/james/Desktop/projects/airflow-local/airflow_home/dags/tutorial.py
[2024-04-07T18:54:02.320-0500] {processor.py:830} INFO - Processing file /Users/james/Desktop/projects/airflow-local/airflow_home/dags/tutorial.py for tasks to queue
[2024-04-07T18:54:02.320-0500] {logging_mixin.py:188} INFO - [2024-04-07T18:54:02.320-0500] {dagbag.py:540} INFO - Filling up the DagBag from /Users/james/Desktop/projects/airflow-local/airflow_home/dags/tutorial.py
[2024-04-07T18:54:02.323-0500] {processor.py:840} INFO - DAG(s) 'tutorial' retrieved from /Users/james/Desktop/projects/airflow-local/airflow_home/dags/tutorial.py
[2024-04-07T18:54:02.377-0500] {logging_mixin.py:188} INFO - [2024-04-07T18:54:02.377-0500] {dag.py:3047} INFO - Sync 1 DAGs
[2024-04-07T18:54:02.384-0500] {logging_mixin.py:188} INFO - [2024-04-07T18:54:02.384-0500] {dag.py:3834} INFO - Setting next_dagrun for tutorial to 2024-04-06 00:00:00+00:00, run_after=2024-04-07 00:00:00+00:00
[2024-04-07T18:54:02.392-0500] {processor.py:183} INFO - Processing /Users/james/Desktop/projects/airflow-local/airflow_home/dags/tutorial.py took 0.074 seconds
[2024-04-07T18:54:33.171-0500] {processor.py:161} INFO - Started process (PID=56232) to work on /Users/james/Desktop/projects/airflow-local/airflow_home/dags/tutorial.py
[2024-04-07T18:54:33.172-0500] {processor.py:830} INFO - Processing file /Users/james/Desktop/projects/airflow-local/airflow_home/dags/tutorial.py for tasks to queue
[2024-04-07T18:54:33.173-0500] {logging_mixin.py:188} INFO - [2024-04-07T18:54:33.173-0500] {dagbag.py:540} INFO - Filling up the DagBag from /Users/james/Desktop/projects/airflow-local/airflow_home/dags/tutorial.py
[2024-04-07T18:54:33.176-0500] {processor.py:840} INFO - DAG(s) 'tutorial' retrieved from /Users/james/Desktop/projects/airflow-local/airflow_home/dags/tutorial.py
[2024-04-07T18:54:33.230-0500] {logging_mixin.py:188} INFO - [2024-04-07T18:54:33.230-0500] {dag.py:3047} INFO - Sync 1 DAGs
[2024-04-07T18:54:33.237-0500] {logging_mixin.py:188} INFO - [2024-04-07T18:54:33.237-0500] {dag.py:3834} INFO - Setting next_dagrun for tutorial to 2024-04-06 00:00:00+00:00, run_after=2024-04-07 00:00:00+00:00
[2024-04-07T18:54:33.244-0500] {processor.py:183} INFO - Processing /Users/james/Desktop/projects/airflow-local/airflow_home/dags/tutorial.py took 0.074 seconds
[2024-04-07T18:55:04.085-0500] {processor.py:161} INFO - Started process (PID=56270) to work on /Users/james/Desktop/projects/airflow-local/airflow_home/dags/tutorial.py
[2024-04-07T18:55:04.086-0500] {processor.py:830} INFO - Processing file /Users/james/Desktop/projects/airflow-local/airflow_home/dags/tutorial.py for tasks to queue
[2024-04-07T18:55:04.086-0500] {logging_mixin.py:188} INFO - [2024-04-07T18:55:04.086-0500] {dagbag.py:540} INFO - Filling up the DagBag from /Users/james/Desktop/projects/airflow-local/airflow_home/dags/tutorial.py
[2024-04-07T18:55:04.089-0500] {processor.py:840} INFO - DAG(s) 'tutorial' retrieved from /Users/james/Desktop/projects/airflow-local/airflow_home/dags/tutorial.py
[2024-04-07T18:55:04.143-0500] {logging_mixin.py:188} INFO - [2024-04-07T18:55:04.143-0500] {dag.py:3047} INFO - Sync 1 DAGs
[2024-04-07T18:55:04.150-0500] {logging_mixin.py:188} INFO - [2024-04-07T18:55:04.150-0500] {dag.py:3834} INFO - Setting next_dagrun for tutorial to 2024-04-06 00:00:00+00:00, run_after=2024-04-07 00:00:00+00:00
[2024-04-07T18:55:04.157-0500] {processor.py:183} INFO - Processing /Users/james/Desktop/projects/airflow-local/airflow_home/dags/tutorial.py took 0.073 seconds
[2024-04-07T18:55:34.963-0500] {processor.py:161} INFO - Started process (PID=56308) to work on /Users/james/Desktop/projects/airflow-local/airflow_home/dags/tutorial.py
[2024-04-07T18:55:34.964-0500] {processor.py:830} INFO - Processing file /Users/james/Desktop/projects/airflow-local/airflow_home/dags/tutorial.py for tasks to queue
[2024-04-07T18:55:34.964-0500] {logging_mixin.py:188} INFO - [2024-04-07T18:55:34.964-0500] {dagbag.py:540} INFO - Filling up the DagBag from /Users/james/Desktop/projects/airflow-local/airflow_home/dags/tutorial.py
[2024-04-07T18:55:34.968-0500] {processor.py:840} INFO - DAG(s) 'tutorial' retrieved from /Users/james/Desktop/projects/airflow-local/airflow_home/dags/tutorial.py
[2024-04-07T18:55:35.022-0500] {logging_mixin.py:188} INFO - [2024-04-07T18:55:35.022-0500] {dag.py:3047} INFO - Sync 1 DAGs
[2024-04-07T18:55:35.029-0500] {logging_mixin.py:188} INFO - [2024-04-07T18:55:35.029-0500] {dag.py:3834} INFO - Setting next_dagrun for tutorial to 2024-04-06 00:00:00+00:00, run_after=2024-04-07 00:00:00+00:00
[2024-04-07T18:55:35.036-0500] {processor.py:183} INFO - Processing /Users/james/Desktop/projects/airflow-local/airflow_home/dags/tutorial.py took 0.074 seconds
[2024-04-07T18:56:05.800-0500] {processor.py:161} INFO - Started process (PID=56349) to work on /Users/james/Desktop/projects/airflow-local/airflow_home/dags/tutorial.py
[2024-04-07T18:56:05.801-0500] {processor.py:830} INFO - Processing file /Users/james/Desktop/projects/airflow-local/airflow_home/dags/tutorial.py for tasks to queue
[2024-04-07T18:56:05.801-0500] {logging_mixin.py:188} INFO - [2024-04-07T18:56:05.801-0500] {dagbag.py:540} INFO - Filling up the DagBag from /Users/james/Desktop/projects/airflow-local/airflow_home/dags/tutorial.py
[2024-04-07T18:56:05.804-0500] {processor.py:840} INFO - DAG(s) 'tutorial' retrieved from /Users/james/Desktop/projects/airflow-local/airflow_home/dags/tutorial.py
[2024-04-07T18:56:05.859-0500] {logging_mixin.py:188} INFO - [2024-04-07T18:56:05.859-0500] {dag.py:3047} INFO - Sync 1 DAGs
[2024-04-07T18:56:05.866-0500] {logging_mixin.py:188} INFO - [2024-04-07T18:56:05.866-0500] {dag.py:3834} INFO - Setting next_dagrun for tutorial to 2024-04-06 00:00:00+00:00, run_after=2024-04-07 00:00:00+00:00
[2024-04-07T18:56:05.873-0500] {processor.py:183} INFO - Processing /Users/james/Desktop/projects/airflow-local/airflow_home/dags/tutorial.py took 0.074 seconds
[2024-04-07T18:56:36.862-0500] {processor.py:161} INFO - Started process (PID=56390) to work on /Users/james/Desktop/projects/airflow-local/airflow_home/dags/tutorial.py
[2024-04-07T18:56:36.865-0500] {processor.py:830} INFO - Processing file /Users/james/Desktop/projects/airflow-local/airflow_home/dags/tutorial.py for tasks to queue
[2024-04-07T18:56:36.866-0500] {logging_mixin.py:188} INFO - [2024-04-07T18:56:36.866-0500] {dagbag.py:540} INFO - Filling up the DagBag from /Users/james/Desktop/projects/airflow-local/airflow_home/dags/tutorial.py
[2024-04-07T18:56:36.871-0500] {processor.py:840} INFO - DAG(s) 'tutorial' retrieved from /Users/james/Desktop/projects/airflow-local/airflow_home/dags/tutorial.py
[2024-04-07T18:56:36.970-0500] {logging_mixin.py:188} INFO - [2024-04-07T18:56:36.970-0500] {dag.py:3047} INFO - Sync 1 DAGs
[2024-04-07T18:56:36.984-0500] {logging_mixin.py:188} INFO - [2024-04-07T18:56:36.984-0500] {dag.py:3834} INFO - Setting next_dagrun for tutorial to 2024-04-06 00:00:00+00:00, run_after=2024-04-07 00:00:00+00:00
[2024-04-07T18:56:37.036-0500] {processor.py:183} INFO - Processing /Users/james/Desktop/projects/airflow-local/airflow_home/dags/tutorial.py took 0.174 seconds
[2024-04-07T18:57:07.818-0500] {processor.py:161} INFO - Started process (PID=56427) to work on /Users/james/Desktop/projects/airflow-local/airflow_home/dags/tutorial.py
[2024-04-07T18:57:07.819-0500] {processor.py:830} INFO - Processing file /Users/james/Desktop/projects/airflow-local/airflow_home/dags/tutorial.py for tasks to queue
[2024-04-07T18:57:07.819-0500] {logging_mixin.py:188} INFO - [2024-04-07T18:57:07.819-0500] {dagbag.py:540} INFO - Filling up the DagBag from /Users/james/Desktop/projects/airflow-local/airflow_home/dags/tutorial.py
[2024-04-07T18:57:07.824-0500] {processor.py:840} INFO - DAG(s) 'tutorial' retrieved from /Users/james/Desktop/projects/airflow-local/airflow_home/dags/tutorial.py
[2024-04-07T18:57:07.879-0500] {logging_mixin.py:188} INFO - [2024-04-07T18:57:07.879-0500] {dag.py:3047} INFO - Sync 1 DAGs
[2024-04-07T18:57:07.886-0500] {logging_mixin.py:188} INFO - [2024-04-07T18:57:07.886-0500] {dag.py:3834} INFO - Setting next_dagrun for tutorial to 2024-04-06 00:00:00+00:00, run_after=2024-04-07 00:00:00+00:00
[2024-04-07T18:57:07.893-0500] {processor.py:183} INFO - Processing /Users/james/Desktop/projects/airflow-local/airflow_home/dags/tutorial.py took 0.076 seconds
[2024-04-07T18:57:38.638-0500] {processor.py:161} INFO - Started process (PID=56465) to work on /Users/james/Desktop/projects/airflow-local/airflow_home/dags/tutorial.py
[2024-04-07T18:57:38.639-0500] {processor.py:830} INFO - Processing file /Users/james/Desktop/projects/airflow-local/airflow_home/dags/tutorial.py for tasks to queue
[2024-04-07T18:57:38.639-0500] {logging_mixin.py:188} INFO - [2024-04-07T18:57:38.639-0500] {dagbag.py:540} INFO - Filling up the DagBag from /Users/james/Desktop/projects/airflow-local/airflow_home/dags/tutorial.py
[2024-04-07T18:57:38.644-0500] {processor.py:840} INFO - DAG(s) 'tutorial' retrieved from /Users/james/Desktop/projects/airflow-local/airflow_home/dags/tutorial.py
[2024-04-07T18:57:38.699-0500] {logging_mixin.py:188} INFO - [2024-04-07T18:57:38.699-0500] {dag.py:3047} INFO - Sync 1 DAGs
[2024-04-07T18:57:38.706-0500] {logging_mixin.py:188} INFO - [2024-04-07T18:57:38.706-0500] {dag.py:3834} INFO - Setting next_dagrun for tutorial to 2024-04-06 00:00:00+00:00, run_after=2024-04-07 00:00:00+00:00
[2024-04-07T18:57:38.713-0500] {processor.py:183} INFO - Processing /Users/james/Desktop/projects/airflow-local/airflow_home/dags/tutorial.py took 0.075 seconds
[2024-04-07T18:58:09.435-0500] {processor.py:161} INFO - Started process (PID=56503) to work on /Users/james/Desktop/projects/airflow-local/airflow_home/dags/tutorial.py
[2024-04-07T18:58:09.436-0500] {processor.py:830} INFO - Processing file /Users/james/Desktop/projects/airflow-local/airflow_home/dags/tutorial.py for tasks to queue
[2024-04-07T18:58:09.437-0500] {logging_mixin.py:188} INFO - [2024-04-07T18:58:09.437-0500] {dagbag.py:540} INFO - Filling up the DagBag from /Users/james/Desktop/projects/airflow-local/airflow_home/dags/tutorial.py
[2024-04-07T18:58:09.440-0500] {processor.py:840} INFO - DAG(s) 'tutorial' retrieved from /Users/james/Desktop/projects/airflow-local/airflow_home/dags/tutorial.py
[2024-04-07T18:58:09.494-0500] {logging_mixin.py:188} INFO - [2024-04-07T18:58:09.494-0500] {dag.py:3047} INFO - Sync 1 DAGs
[2024-04-07T18:58:09.501-0500] {logging_mixin.py:188} INFO - [2024-04-07T18:58:09.501-0500] {dag.py:3834} INFO - Setting next_dagrun for tutorial to 2024-04-06 00:00:00+00:00, run_after=2024-04-07 00:00:00+00:00
[2024-04-07T18:58:09.508-0500] {processor.py:183} INFO - Processing /Users/james/Desktop/projects/airflow-local/airflow_home/dags/tutorial.py took 0.073 seconds
[2024-04-07T18:58:40.338-0500] {processor.py:161} INFO - Started process (PID=56542) to work on /Users/james/Desktop/projects/airflow-local/airflow_home/dags/tutorial.py
[2024-04-07T18:58:40.339-0500] {processor.py:830} INFO - Processing file /Users/james/Desktop/projects/airflow-local/airflow_home/dags/tutorial.py for tasks to queue
[2024-04-07T18:58:40.340-0500] {logging_mixin.py:188} INFO - [2024-04-07T18:58:40.340-0500] {dagbag.py:540} INFO - Filling up the DagBag from /Users/james/Desktop/projects/airflow-local/airflow_home/dags/tutorial.py
[2024-04-07T18:58:40.343-0500] {processor.py:840} INFO - DAG(s) 'tutorial' retrieved from /Users/james/Desktop/projects/airflow-local/airflow_home/dags/tutorial.py
[2024-04-07T18:58:40.397-0500] {logging_mixin.py:188} INFO - [2024-04-07T18:58:40.397-0500] {dag.py:3047} INFO - Sync 1 DAGs
[2024-04-07T18:58:40.406-0500] {logging_mixin.py:188} INFO - [2024-04-07T18:58:40.406-0500] {dag.py:3834} INFO - Setting next_dagrun for tutorial to 2024-04-06 00:00:00+00:00, run_after=2024-04-07 00:00:00+00:00
[2024-04-07T18:58:40.413-0500] {processor.py:183} INFO - Processing /Users/james/Desktop/projects/airflow-local/airflow_home/dags/tutorial.py took 0.075 seconds
[2024-04-07T18:59:11.037-0500] {processor.py:161} INFO - Started process (PID=56589) to work on /Users/james/Desktop/projects/airflow-local/airflow_home/dags/tutorial.py
[2024-04-07T18:59:11.038-0500] {processor.py:830} INFO - Processing file /Users/james/Desktop/projects/airflow-local/airflow_home/dags/tutorial.py for tasks to queue
[2024-04-07T18:59:11.039-0500] {logging_mixin.py:188} INFO - [2024-04-07T18:59:11.039-0500] {dagbag.py:540} INFO - Filling up the DagBag from /Users/james/Desktop/projects/airflow-local/airflow_home/dags/tutorial.py
[2024-04-07T18:59:11.042-0500] {processor.py:840} INFO - DAG(s) 'tutorial' retrieved from /Users/james/Desktop/projects/airflow-local/airflow_home/dags/tutorial.py
[2024-04-07T18:59:11.097-0500] {logging_mixin.py:188} INFO - [2024-04-07T18:59:11.097-0500] {dag.py:3047} INFO - Sync 1 DAGs
[2024-04-07T18:59:11.104-0500] {logging_mixin.py:188} INFO - [2024-04-07T18:59:11.104-0500] {dag.py:3834} INFO - Setting next_dagrun for tutorial to 2024-04-06 00:00:00+00:00, run_after=2024-04-07 00:00:00+00:00
[2024-04-07T18:59:11.112-0500] {processor.py:183} INFO - Processing /Users/james/Desktop/projects/airflow-local/airflow_home/dags/tutorial.py took 0.075 seconds
[2024-04-07T18:59:41.839-0500] {processor.py:161} INFO - Started process (PID=56626) to work on /Users/james/Desktop/projects/airflow-local/airflow_home/dags/tutorial.py
[2024-04-07T18:59:41.841-0500] {processor.py:830} INFO - Processing file /Users/james/Desktop/projects/airflow-local/airflow_home/dags/tutorial.py for tasks to queue
[2024-04-07T18:59:41.841-0500] {logging_mixin.py:188} INFO - [2024-04-07T18:59:41.841-0500] {dagbag.py:540} INFO - Filling up the DagBag from /Users/james/Desktop/projects/airflow-local/airflow_home/dags/tutorial.py
[2024-04-07T18:59:41.844-0500] {processor.py:840} INFO - DAG(s) 'tutorial' retrieved from /Users/james/Desktop/projects/airflow-local/airflow_home/dags/tutorial.py
[2024-04-07T18:59:41.899-0500] {logging_mixin.py:188} INFO - [2024-04-07T18:59:41.899-0500] {dag.py:3047} INFO - Sync 1 DAGs
[2024-04-07T18:59:41.907-0500] {logging_mixin.py:188} INFO - [2024-04-07T18:59:41.907-0500] {dag.py:3834} INFO - Setting next_dagrun for tutorial to 2024-04-06 00:00:00+00:00, run_after=2024-04-07 00:00:00+00:00
[2024-04-07T18:59:41.914-0500] {processor.py:183} INFO - Processing /Users/james/Desktop/projects/airflow-local/airflow_home/dags/tutorial.py took 0.075 seconds
